mode: set
github.com/AlibekSuleimenov/bookings/cmd/web/main.go:24.13,27.16 2 0
github.com/AlibekSuleimenov/bookings/cmd/web/main.go:27.16,29.3 1 0
github.com/AlibekSuleimenov/bookings/cmd/web/main.go:31.2,40.16 4 0
github.com/AlibekSuleimenov/bookings/cmd/web/main.go:43.18,58.16 10 1
github.com/AlibekSuleimenov/bookings/cmd/web/main.go:58.16,60.3 1 0
github.com/AlibekSuleimenov/bookings/cmd/web/main.go:62.2,69.12 6 1
github.com/AlibekSuleimenov/bookings/cmd/web/middleware.go:10.53,11.71 1 0
github.com/AlibekSuleimenov/bookings/cmd/web/middleware.go:11.71,14.3 2 0
github.com/AlibekSuleimenov/bookings/cmd/web/middleware.go:18.45,27.2 3 1
github.com/AlibekSuleimenov/bookings/cmd/web/middleware.go:30.50,32.2 1 1
github.com/AlibekSuleimenov/bookings/cmd/web/routes.go:13.49,37.2 18 1
